2018-05-04 11:30:57,515 moss INFO Attempting to run device operation juniper_get_facts
2018-05-04 11:30:57,515 moss INFO Successfully ran device operation juniper_get_facts
2018-05-04 11:30:57,554 moss INFO Attempting to run module pre_check_interface_status
2018-05-04 11:30:57,554 moss INFO Attempting to run device operation juniper_show_interfaces_terse
2018-05-04 11:30:59,873 moss INFO Successfully ran device operation juniper_show_interfaces_terse
2018-05-04 11:30:59,875 moss INFO Successfully ran module pre_check_interface_status
2018-05-04 11:30:59,877 moss INFO Attempting to run module apply_disable_statement
2018-05-04 11:30:59,877 moss INFO Attempting to run device operation juniper_apply_configuration
2018-05-04 11:31:05,845 moss INFO Successfully ran device operation juniper_apply_configuration
2018-05-04 11:31:05,848 moss INFO Successfully ran module apply_disable_statement
2018-05-04 11:31:10,853 moss INFO Attempting to run module post_check_disable_statement
2018-05-04 11:31:10,853 moss INFO Attempting to run device operation juniper_check_configuration
2018-05-04 11:31:11,470 moss INFO Successfully ran device operation juniper_check_configuration
2018-05-04 11:31:11,473 moss INFO Successfully ran module post_check_disable_statement
2018-05-04 11:31:11,475 moss INFO Attempting to run module post_check_interface_status
2018-05-04 11:31:11,475 moss INFO Attempting to run device operation juniper_show_interfaces_terse
2018-05-04 11:31:13,791 moss INFO Successfully ran device operation juniper_show_interfaces_terse
2018-05-04 11:31:13,794 moss INFO Successfully ran module post_check_interface_status
2018-05-04 11:52:47,339 moss INFO Attempting to run device operation juniper_get_facts
2018-05-04 11:52:47,339 moss INFO Successfully ran device operation juniper_get_facts
2018-05-04 11:52:47,379 moss INFO Attempting to run module pre_check_interface_status
2018-05-04 11:52:47,379 moss INFO Attempting to run device operation juniper_show_interfaces_terse
2018-05-04 11:52:49,702 moss INFO Successfully ran device operation juniper_show_interfaces_terse
2018-05-04 11:52:49,704 moss INFO Successfully ran module pre_check_interface_status
2018-05-04 11:52:49,706 moss INFO Attempting to run module apply_disable_statement
2018-05-04 11:52:49,706 moss INFO Attempting to run device operation juniper_apply_configuration
2018-05-04 11:52:55,780 moss INFO Successfully ran device operation juniper_apply_configuration
2018-05-04 11:52:55,783 moss INFO Successfully ran module apply_disable_statement
2018-05-04 11:53:00,789 moss INFO Attempting to run module post_check_disable_statement
2018-05-04 11:53:00,789 moss INFO Attempting to run device operation juniper_check_configuration
2018-05-04 11:53:01,407 moss INFO Successfully ran device operation juniper_check_configuration
2018-05-04 11:53:01,410 moss INFO Successfully ran module post_check_disable_statement
2018-05-04 11:53:01,412 moss INFO Attempting to run module post_check_interface_status
2018-05-04 11:53:01,412 moss INFO Attempting to run device operation juniper_show_interfaces_terse
2018-05-04 11:53:03,728 moss INFO Successfully ran device operation juniper_show_interfaces_terse
2018-05-04 11:53:03,731 moss INFO Successfully ran module post_check_interface_status
2018-05-04 13:44:54,370 moss INFO Attempting to run device operation juniper_get_facts
2018-05-04 13:44:54,370 moss INFO Successfully ran device operation juniper_get_facts
2018-05-04 13:44:54,410 moss INFO Attempting to run module pre_check_interface_status
2018-05-04 13:44:54,410 moss INFO Attempting to run device operation juniper_show_interfaces_terse
2018-05-04 13:44:56,734 moss INFO Successfully ran device operation juniper_show_interfaces_terse
2018-05-04 13:44:56,736 moss INFO Successfully ran module pre_check_interface_status
2018-05-04 13:44:56,738 moss INFO Attempting to run module apply_disable_statement
2018-05-04 13:44:56,738 moss INFO Attempting to run device operation juniper_apply_configuration
2018-05-04 13:45:02,621 moss INFO Successfully ran device operation juniper_apply_configuration
2018-05-04 13:45:02,623 moss INFO Successfully ran module apply_disable_statement
2018-05-04 13:45:07,629 moss INFO Attempting to run module post_check_disable_statement
2018-05-04 13:45:07,630 moss INFO Attempting to run device operation juniper_check_configuration
2018-05-04 13:45:08,249 moss INFO Successfully ran device operation juniper_check_configuration
2018-05-04 13:45:08,252 moss INFO Successfully ran module post_check_disable_statement
2018-05-04 13:45:08,254 moss INFO Attempting to run module post_check_interface_status
2018-05-04 13:45:08,254 moss INFO Attempting to run device operation juniper_show_interfaces_terse
2018-05-04 13:45:10,573 moss INFO Successfully ran device operation juniper_show_interfaces_terse
2018-05-04 13:45:10,576 moss INFO Successfully ran module post_check_interface_status
2018-05-08 14:33:40,091 moss INFO Attempting to run device operation juniper_get_facts
2018-05-08 14:33:40,091 moss INFO Successfully ran device operation juniper_get_facts
2018-05-08 14:33:40,129 moss INFO Attempting to run module pre_check_interface_status
2018-05-08 14:33:40,129 moss INFO Attempting to run device operation juniper_show_interfaces_terse
2018-05-08 14:33:42,450 moss INFO Successfully ran device operation juniper_show_interfaces_terse
2018-05-08 14:33:42,454 moss INFO Successfully ran module pre_check_interface_status
2018-05-08 14:33:42,455 moss INFO Attempting to run module apply_disable_statement
2018-05-08 14:33:42,456 moss INFO Attempting to run device operation juniper_apply_configuration
2018-05-08 14:33:48,743 moss INFO Successfully ran device operation juniper_apply_configuration
2018-05-08 14:33:48,747 moss INFO Successfully ran module apply_disable_statement
2018-05-08 14:33:53,754 moss INFO Attempting to run module post_check_disable_statement
2018-05-08 14:33:53,754 moss INFO Attempting to run device operation juniper_check_configuration
2018-05-08 14:33:54,375 moss INFO Successfully ran device operation juniper_check_configuration
2018-05-08 14:33:54,378 moss INFO Successfully ran module post_check_disable_statement
2018-05-08 14:33:54,380 moss INFO Attempting to run module post_check_interface_status
2018-05-08 14:33:54,380 moss INFO Attempting to run device operation juniper_show_interfaces_terse
2018-05-08 14:33:56,695 moss INFO Successfully ran device operation juniper_show_interfaces_terse
2018-05-08 14:33:56,699 moss INFO Successfully ran module post_check_interface_status
